<?xml version="1.0" encoding="UTF-8"?>
<testsuite name="com.cg.findmaximum.TestMaximum" tests="3" skipped="0" failures="0" errors="0" timestamp="2020-10-16T16:53:41" hostname="LAPTOP-KI37BD8L" time="0.004">
  <properties/>
  <testcase name="givenIntegers_IfMaxAtPosition1_ShouldPass" classname="com.cg.findmaximum.TestMaximum" time="0.003"/>
  <testcase name="givenIntegers_IfMaxAtPosition2_ShouldPass" classname="com.cg.findmaximum.TestMaximum" time="0.0"/>
  <testcase name="givenIntegers_IfMaxAtPosition3_ShouldPass" classname="com.cg.findmaximum.TestMaximum" time="0.0"/>
  <system-out><![CDATA[]]></system-out>
  <system-err><![CDATA[]]></system-err>
</testsuite>
