<?xml version="1.0" encoding="UTF-8"?>
<testsuite name="com.cg.findmaximum.TestMaximum" tests="1" skipped="0" failures="0" errors="0" timestamp="2020-10-16T04:03:20" hostname="LAPTOP-KI37BD8L" time="0.003">
  <properties/>
  <testcase name="givenIntegers_IfMaxAtPosition1_ShouldReturnTrue" classname="com.cg.findmaximum.TestMaximum" time="0.003"/>
  <system-out><![CDATA[]]></system-out>
  <system-err><![CDATA[]]></system-err>
</testsuite>
